FaunaFund2/Temp/gradleOut/build/outputs/logs/manifest-merger-release-report.txt
-- Merging decision tree log ---
manifest
ADDED from src\main\AndroidManifest.xml:2:1-27:12
INJECTED from src\main\AndroidManifest.xml:2:1-27:12
INJECTED from src\main\AndroidManifest.xml:2:1-27:12
INJECTED from src\main\AndroidManifest.xml:2:1-27:12
MERGED from [:NativeCamera:] AndroidManifest.xml:2:1-15:12
INJECTED from src\main\AndroidManifest.xml:2:1-27:12
INJECTED from src\main\AndroidManifest.xml:2:1-27:12
INJECTED from src\main\AndroidManifest.xml:2:1-27:12
	package
		ADDED from src\main\AndroidManifest.xml:2:70-109
		INJECTED from src\main\AndroidManifest.xml
		INJECTED from src\main\AndroidManifest.xml
	android:versionName
		INJECTED from src\main\AndroidManifest.xml
		ADDED from src\main\AndroidManifest.xml:2:1-27:12
		INJECTED from src\main\AndroidManifest.xml
	xmlns:tools
		ADDED from src\main\AndroidManifest.xml:2:110-156
	android:versionCode
		INJECTED from src\main\AndroidManifest.xml
		ADDED from src\main\AndroidManifest.xml:2:1-27:12
		INJECTED from src\main\AndroidManifest.xml
	xmlns:android
		ADDED from src\main\AndroidManifest.xml:2:11-69
	android:installLocation
		ADDED from src\main\AndroidManifest.xml:2:157-197
supports-screens
ADDED from src\main\AndroidManifest.xml:3:3-163
	android:largeScreens
		ADDED from src\main\AndroidManifest.xml:3:78-105
	android:smallScreens
		ADDED from src\main\AndroidManifest.xml:3:21-48
	android:normalScreens
		ADDED from src\main\AndroidManifest.xml:3:49-77
	android:xlargeScreens
		ADDED from src\main\AndroidManifest.xml:3:106-134
	android:anyDensity
		ADDED from src\main\AndroidManifest.xml:3:135-160
application
ADDED from src\main\AndroidManifest.xml:4:3-17:17
MERGED from [:NativeCamera:] AndroidManifest.xml:3:2-9:16
MERGED from [:NativeCamera:] AndroidManifest.xml:3:2-9:16
	android:label
		ADDED from src\main\AndroidManifest.xml:4:90-122
	android:icon
		ADDED from src\main\AndroidManifest.xml:4:58-89
	android:theme
		ADDED from src\main\AndroidManifest.xml:4:16-57
activity#com.unity3d.player.UnityPlayerActivity
ADDED from src\main\AndroidManifest.xml:5:5-12:16
	android:screenOrientation
		ADDED from src\main\AndroidManifest.xml:5:102-140
	android:label
		ADDED from src\main\AndroidManifest.xml:5:69-101
	android:launchMode
		ADDED from src\main\AndroidManifest.xml:5:141-172
	android:hardwareAccelerated
		ADDED from src\main\AndroidManifest.xml:5:355-390
	android:configChanges
		ADDED from src\main\AndroidManifest.xml:5:173-354
	android:name
		ADDED from src\main\AndroidManifest.xml:5:15-68
intent-filter#action:name:android.intent.action.MAIN+category:name:android.intent.category.LAUNCHER
ADDED from src\main\AndroidManifest.xml:6:7-9:23
action#android.intent.action.MAIN
ADDED from src\main\AndroidManifest.xml:7:9-61
	android:name
		ADDED from src\main\AndroidManifest.xml:7:17-58
category#android.intent.category.LAUNCHER
ADDED from src\main\AndroidManifest.xml:8:9-69
	android:name
		ADDED from src\main\AndroidManifest.xml:8:19-66
meta-data#unityplayer.UnityActivity
ADDED from src\main\AndroidManifest.xml:10:7-82
	android:value
		ADDED from src\main\AndroidManifest.xml:10:59-79
	android:name
		ADDED from src\main\AndroidManifest.xml:10:18-58
meta-data#android.notch_support
ADDED from src\main\AndroidManifest.xml:11:7-78
	android:value
		ADDED from src\main\AndroidManifest.xml:11:55-75
	android:name
		ADDED from src\main\AndroidManifest.xml:11:18-54
meta-data#unity.build-id
ADDED from src\main\AndroidManifest.xml:13:5-101
	android:value
		ADDED from src\main\AndroidManifest.xml:13:46-98
	android:name
		ADDED from src\main\AndroidManifest.xml:13:16-45
meta-data#unity.splash-mode
ADDED from src\main\AndroidManifest.xml:14:5-69
	android:value
		ADDED from src\main\AndroidManifest.xml:14:49-66
	android:name
		ADDED from src\main\AndroidManifest.xml:14:16-48
meta-data#unity.splash-enable
ADDED from src\main\AndroidManifest.xml:15:5-74
	android:value
		ADDED from src\main\AndroidManifest.xml:15:51-71
	android:name
		ADDED from src\main\AndroidManifest.xml:15:16-50
meta-data#notch.config
ADDED from src\main\AndroidManifest.xml:16:5-81
	android:value
		ADDED from src\main\AndroidManifest.xml:16:44-78
	android:name
		ADDED from src\main\AndroidManifest.xml:16:16-43
uses-feature#0x00020000
ADDED from src\main\AndroidManifest.xml:18:3-52
	android:glEsVersion
		ADDED from src\main\AndroidManifest.xml:18:17-49
uses-feature#android.hardware.vulkan.version
ADDED from src\main\AndroidManifest.xml:19:3-91
	android:required
		ADDED from src\main\AndroidManifest.xml:19:64-88
	android:name
		ADDED from src\main\AndroidManifest.xml:19:17-63
uses-permission#android.permission.CAMERA
ADDED from src\main\AndroidManifest.xml:20:3-63
	android:name
		ADDED from src\main\AndroidManifest.xml:20:20-60
uses-feature#android.hardware.camera
ADDED from src\main\AndroidManifest.xml:21:3-83
MERGED from [:NativeCamera:] AndroidManifest.xml:12:2-82
MERGED from [:NativeCamera:] AndroidManifest.xml:12:2-82
	android:required
		ADDED from src\main\AndroidManifest.xml:21:56-80
	android:name
		ADDED from src\main\AndroidManifest.xml:21:17-55
uses-feature#android.hardware.camera.autofocus
ADDED from src\main\AndroidManifest.xml:22:3-93
	android:required
		ADDED from src\main\AndroidManifest.xml:22:66-90
	android:name
		ADDED from src\main\AndroidManifest.xml:22:17-65
uses-feature#android.hardware.camera.front
ADDED from src\main\AndroidManifest.xml:23:3-89
	android:required
		ADDED from src\main\AndroidManifest.xml:23:62-86
	android:name
		ADDED from src\main\AndroidManifest.xml:23:17-61
uses-feature#android.hardware.touchscreen
ADDED from src\main\AndroidManifest.xml:24:3-88
	android:required
		ADDED from src\main\AndroidManifest.xml:24:61-85
	android:name
		ADDED from src\main\AndroidManifest.xml:24:17-60
uses-feature#android.hardware.touchscreen.multitouch
ADDED from src\main\AndroidManifest.xml:25:3-99
	android:required
		ADDED from src\main\AndroidManifest.xml:25:72-96
	android:name
		ADDED from src\main\AndroidManifest.xml:25:17-71
uses-feature#android.hardware.touchscreen.multitouch.distinct
ADDED from src\main\AndroidManifest.xml:26:3-108
	android:required
		ADDED from src\main\AndroidManifest.xml:26:81-105
	android:name
		ADDED from src\main\AndroidManifest.xml:26:17-80
uses-sdk
INJECTED from src\main\AndroidManifest.xml reason: use-sdk injection requested
INJECTED from src\main\AndroidManifest.xml
INJECTED from src\main\AndroidManifest.xml
MERGED from [:NativeCamera:] AndroidManifest.xml:11:2-43
MERGED from [:NativeCamera:] AndroidManifest.xml:11:2-43
INJECTED from src\main\AndroidManifest.xml
INJECTED from src\main\AndroidManifest.xml
	android:targetSdkVersion
		INJECTED from src\main\AndroidManifest.xml
		ADDED from src\main\AndroidManifest.xml
		INJECTED from src\main\AndroidManifest.xml
	android:minSdkVersion
		INJECTED from src\main\AndroidManifest.xml
		ADDED from src\main\AndroidManifest.xml
		MERGED from src\main\AndroidManifest.xml
		INJECTED from src\main\AndroidManifest.xml
provider#com.yasirkula.unity.NativeCameraContentProvider
ADDED from [:NativeCamera:] AndroidManifest.xml:4:3-8:42
	android:grantUriPermissions
		ADDED from [:NativeCamera:] AndroidManifest.xml:8:5-39
	android:authorities
		ADDED from [:NativeCamera:] AndroidManifest.xml:6:5-71
	android:exported
		ADDED from [:NativeCamera:] AndroidManifest.xml:7:5-29
	android:name
		ADDED from [:NativeCamera:] AndroidManifest.xml:5:5-67
uses-permission#android.permission.READ_EXTERNAL_STORAGE
ADDED from [:NativeCamera:] AndroidManifest.xml:13:2-77
	android:name
		ADDED from [:NativeCamera:] AndroidManifest.xml:13:19-74
uses-permission#android.permission.WRITE_EXTERNAL_STORAGE
ADDED from [:NativeCamera:] AndroidManifest.xml:14:5-81
	android:name
		ADDED from [:NativeCamera:] AndroidManifest.xml:14:22-78